{"numTotalTestSuites":24,"numPassedTestSuites":22,"numFailedTestSuites":2,"numPendingTestSuites":0,"numTotalTests":37,"numPassedTests":32,"numFailedTests":5,"numPendingTests":0,"numTodoTests":0,"snapshot":{"added":0,"failure":false,"filesAdded":0,"filesRemoved":0,"filesRemovedList":[],"filesUnmatched":0,"filesUpdated":0,"matched":0,"total":0,"unchecked":0,"uncheckedKeysByFile":[],"unmatched":0,"updated":0,"didUpdate":false},"startTime":1766643356830,"success":false,"testResults":[{"assertionResults":[{"ancestorTitles":["documentProcessor"],"fullName":"documentProcessor should process document successfully and update status correctly","status":"failed","title":"should process document successfully and update status correctly","duration":11.70760000000007,"failureMessages":["AssertionError: expected false to be true // Object.is equality\n    at C:/Users/chyon/Desktop/01.Project/00.Program/prismLM/frontend/src/lib/rag/documentProcessor.test.ts:59:28\n    at processTicksAndRejections (node:internal/process/task_queues:105:5)\n    at file:///C:/Users/chyon/Desktop/01.Project/00.Program/prismLM/frontend/node_modules/@vitest/runner/dist/index.js:915:20"],"meta":{}},{"ancestorTitles":["documentProcessor"],"fullName":"documentProcessor should handle errors and update status to FAILED","status":"failed","title":"should handle errors and update status to FAILED","duration":1.4126999999999725,"failureMessages":["TypeError: Cannot read properties of undefined (reading '0')\n    at C:/Users/chyon/Desktop/01.Project/00.Program/prismLM/frontend/src/lib/rag/documentProcessor.test.ts:90:56\n    at processTicksAndRejections (node:internal/process/task_queues:105:5)\n    at file:///C:/Users/chyon/Desktop/01.Project/00.Program/prismLM/frontend/node_modules/@vitest/runner/dist/index.js:915:20"],"meta":{}},{"ancestorTitles":["documentProcessor"],"fullName":"documentProcessor should sanitize specific error messages","status":"failed","title":"should sanitize specific error messages","duration":3.169499999999971,"failureMessages":["AssertionError: expected '臾몄꽌 泥섎━ 以??ㅻ쪟媛 諛쒖깮?덉뒿?덈떎.' to be '臾몄꽌 ?댁슜??鍮꾩뼱?덉뒿?덈떎.' // Object.is equality\n    at C:/Users/chyon/Desktop/01.Project/00.Program/prismLM/frontend/src/lib/rag/documentProcessor.test.ts:108:26\n    at processTicksAndRejections (node:internal/process/task_queues:105:5)\n    at file:///C:/Users/chyon/Desktop/01.Project/00.Program/prismLM/frontend/node_modules/@vitest/runner/dist/index.js:915:20"],"meta":{}},{"ancestorTitles":["documentProcessor"],"fullName":"documentProcessor should handle concurrent document processing","status":"failed","title":"should handle concurrent document processing","duration":5.409099999999967,"failureMessages":["AssertionError: expected \"vi.fn()\" to be called 12 times, but got 0 times\n    at C:/Users/chyon/Desktop/01.Project/00.Program/prismLM/frontend/src/lib/rag/documentProcessor.test.ts:129:33\n    at processTicksAndRejections (node:internal/process/task_queues:105:5)\n    at file:///C:/Users/chyon/Desktop/01.Project/00.Program/prismLM/frontend/node_modules/@vitest/runner/dist/index.js:915:20"],"meta":{}},{"ancestorTitles":["documentProcessor"],"fullName":"documentProcessor should handle long running process (timeout simulation)","status":"failed","title":"should handle long running process (timeout simulation)","duration":1.607499999999959,"failureMessages":["AssertionError: expected false to be true // Object.is equality\n    at C:/Users/chyon/Desktop/01.Project/00.Program/prismLM/frontend/src/lib/rag/documentProcessor.test.ts:141:28\n    at processTicksAndRejections (node:internal/process/task_queues:105:5)\n    at file:///C:/Users/chyon/Desktop/01.Project/00.Program/prismLM/frontend/node_modules/@vitest/runner/dist/index.js:915:20"],"meta":{}}],"startTime":1766643358184,"endTime":1766643358207.6074,"status":"failed","message":"","name":"C:/Users/chyon/Desktop/01.Project/00.Program/prismLM/frontend/src/lib/rag/documentProcessor.test.ts"},{"assertionResults":[{"ancestorTitles":["LLM Gateway","generateText"],"fullName":"LLM Gateway generateText 湲곕낯 紐⑤뜽???ъ슜?섏뿬 ?띿뒪?몃? ?앹꽦?댁빞 ??,"status":"passed","title":"湲곕낯 紐⑤뜽???ъ슜?섏뿬 ?띿뒪?몃? ?앹꽦?댁빞 ??,"duration":5.623099999999965,"failureMessages":[],"meta":{}},{"ancestorTitles":["LLM Gateway","generateText"],"fullName":"LLM Gateway generateText 吏?뺣맂 紐⑤뜽???ъ슜?섏뿬 ?띿뒪?몃? ?앹꽦?댁빞 ??,"status":"passed","title":"吏?뺣맂 紐⑤뜽???ъ슜?섏뿬 ?띿뒪?몃? ?앹꽦?댁빞 ??,"duration":0.8011000000000195,"failureMessages":[],"meta":{}},{"ancestorTitles":["LLM Gateway","generateTextStream"],"fullName":"LLM Gateway generateTextStream ?띿뒪???ㅽ듃由쇱쓣 ?앹꽦?댁빞 ??,"status":"passed","title":"?띿뒪???ㅽ듃由쇱쓣 ?앹꽦?댁빞 ??,"duration":0.9104999999999563,"failureMessages":[],"meta":{}},{"ancestorTitles":["LLM Gateway","isLLMAvailable"],"fullName":"LLM Gateway isLLMAvailable 紐⑤뜽???ъ슜 媛?ν븯硫?true瑜?諛섑솚?댁빞 ??,"status":"passed","title":"紐⑤뜽???ъ슜 媛?ν븯硫?true瑜?諛섑솚?댁빞 ??,"duration":0.5141999999999598,"failureMessages":[],"meta":{}},{"ancestorTitles":["LLM Gateway","isLLMAvailable"],"fullName":"LLM Gateway isLLMAvailable 議댁옱?섏? ?딅뒗 紐⑤뜽?대㈃ false瑜?諛섑솚?댁빞 ??,"status":"passed","title":"議댁옱?섏? ?딅뒗 紐⑤뜽?대㈃ false瑜?諛섑솚?댁빞 ??,"duration":0.1641999999999939,"failureMessages":[],"meta":{}},{"ancestorTitles":["LLM Gateway","isLLMAvailable"],"fullName":"LLM Gateway isLLMAvailable Provider媛 ?ъ슜 遺덇??ν븯硫?false瑜?諛섑솚?댁빞 ??,"status":"passed","title":"Provider媛 ?ъ슜 遺덇??ν븯硫?false瑜?諛섑솚?댁빞 ??,"duration":0.24150000000003047,"failureMessages":[],"meta":{}}],"startTime":1766643358042,"endTime":1766643358050.2415,"status":"passed","message":"","name":"C:/Users/chyon/Desktop/01.Project/00.Program/prismLM/frontend/src/lib/llm/__tests__/gateway.test.ts"},{"assertionResults":[{"ancestorTitles":["Chunking Utils","classifyChunkType"],"fullName":"Chunking Utils classifyChunkType should classify rules correctly","status":"passed","title":"should classify rules correctly","duration":2.9675000000000296,"failureMessages":[],"meta":{}},{"ancestorTitles":["Chunking Utils","classifyChunkType"],"fullName":"Chunking Utils classifyChunkType should classify examples correctly","status":"passed","title":"should classify examples correctly","duration":0.9041000000000281,"failureMessages":[],"meta":{}},{"ancestorTitles":["Chunking Utils","classifyChunkType"],"fullName":"Chunking Utils classifyChunkType should classify general text correctly","status":"passed","title":"should classify general text correctly","duration":0.24240000000003192,"failureMessages":[],"meta":{}},{"ancestorTitles":["Chunking Utils","classifyChunkType"],"fullName":"Chunking Utils classifyChunkType should prioritize rules over examples","status":"passed","title":"should prioritize rules over examples","duration":0.4773999999999887,"failureMessages":[],"meta":{}},{"ancestorTitles":["Chunking Utils","semanticChunk"],"fullName":"Chunking Utils semanticChunk should chunk text based on paragraphs","status":"passed","title":"should chunk text based on paragraphs","duration":0.9336000000000126,"failureMessages":[],"meta":{}},{"ancestorTitles":["Chunking Utils","semanticChunk"],"fullName":"Chunking Utils semanticChunk should detect chunk types in metadata","status":"passed","title":"should detect chunk types in metadata","duration":0.4279000000000224,"failureMessages":[],"meta":{}}],"startTime":1766643358004,"endTime":1766643358010.428,"status":"passed","message":"","name":"C:/Users/chyon/Desktop/01.Project/00.Program/prismLM/frontend/src/lib/rag/__tests__/chunking.test.ts"},{"assertionResults":[{"ancestorTitles":["verifyCitation","?뺥솗 ?쇱튂 寃利?],"fullName":"verifyCitation ?뺥솗 ?쇱튂 寃利??꾩쟾???쇱튂?섎뒗 ?몄슜臾몄? valid: true瑜?諛섑솚?댁빞 ??,"status":"passed","title":"?꾩쟾???쇱튂?섎뒗 ?몄슜臾몄? valid: true瑜?諛섑솚?댁빞 ??,"duration":2.0751999999999953,"failureMessages":[],"meta":{}},{"ancestorTitles":["verifyCitation","?뺥솗 ?쇱튂 寃利?],"fullName":"verifyCitation ?뺥솗 ?쇱튂 寃利?遺遺??쇱튂?섎뒗 ?몄슜臾몃룄 寃利앸릺?댁빞 ??,"status":"passed","title":"遺遺??쇱튂?섎뒗 ?몄슜臾몃룄 寃利앸릺?댁빞 ??,"duration":0.3118000000000052,"failureMessages":[],"meta":{}},{"ancestorTitles":["verifyCitation","fuzzy 留ㅼ묶 寃利?],"fullName":"verifyCitation fuzzy 留ㅼ묶 寃利??꾩뼱?곌린媛 ?ㅻⅨ ?몄슜臾몃룄 留ㅼ묶?섏뼱????,"status":"passed","title":"?꾩뼱?곌린媛 ?ㅻⅨ ?몄슜臾몃룄 留ㅼ묶?섏뼱????,"duration":0.3539000000000101,"failureMessages":[],"meta":{}},{"ancestorTitles":["verifyCitation","fuzzy 留ㅼ묶 寃利?],"fullName":"verifyCitation fuzzy 留ㅼ묶 寃利???뚮Ц?먭? ?ㅻⅨ ?몄슜臾몃룄 留ㅼ묶?섏뼱????,"status":"passed","title":"??뚮Ц?먭? ?ㅻⅨ ?몄슜臾몃룄 留ㅼ묶?섏뼱????,"duration":0.3368000000000393,"failureMessages":[],"meta":{}},{"ancestorTitles":["verifyCitation","fuzzy 留ㅼ묶 寃利?],"fullName":"verifyCitation fuzzy 留ㅼ묶 寃利??듭떖 ?⑥뼱媛 ?ы븿??湲??몄슜臾몃룄 遺遺?留ㅼ묶 ?먯닔瑜?諛쏆븘????,"status":"passed","title":"?듭떖 ?⑥뼱媛 ?ы븿??湲??몄슜臾몃룄 遺遺?留ㅼ묶 ?먯닔瑜?諛쏆븘????,"duration":0.44589999999999463,"failureMessages":[],"meta":{}},{"ancestorTitles":["verifyCitation","遺덉씪移?寃利?],"fullName":"verifyCitation 遺덉씪移?寃利??꾩쟾???ㅻⅨ ?몄슜臾몄? valid: false瑜?諛섑솚?댁빞 ??,"status":"passed","title":"?꾩쟾???ㅻⅨ ?몄슜臾몄? valid: false瑜?諛섑솚?댁빞 ??,"duration":0.275100000000009,"failureMessages":[],"meta":{}},{"ancestorTitles":["verifyCitation","遺덉씪移?寃利?],"fullName":"verifyCitation 遺덉씪移?寃利?鍮??몄슜臾몄? valid: false瑜?諛섑솚?댁빞 ??,"status":"passed","title":"鍮??몄슜臾몄? valid: false瑜?諛섑솚?댁빞 ??,"duration":0.20900000000000318,"failureMessages":[],"meta":{}},{"ancestorTitles":["verifyCitation","遺덉씪移?寃利?],"fullName":"verifyCitation 遺덉씪移?寃利?鍮?泥?겕 諛곗뿴?먯꽌??valid: false瑜?諛섑솚?댁빞 ??,"status":"passed","title":"鍮?泥?겕 諛곗뿴?먯꽌??valid: false瑜?諛섑솚?댁빞 ??,"duration":0.10720000000003438,"failureMessages":[],"meta":{}},{"ancestorTitles":["verifyAllCitations"],"fullName":"verifyAllCitations 紐⑤뱺 ?몄슜臾몄쓣 ?쇨큵 寃利앺빐????,"status":"passed","title":"紐⑤뱺 ?몄슜臾몄쓣 ?쇨큵 寃利앺빐????,"duration":1.1605000000000132,"failureMessages":[],"meta":{}},{"ancestorTitles":["summarizeCitationVerification"],"fullName":"summarizeCitationVerification 寃利?寃곌낵 ?붿빟???щ컮瑜닿쾶 ?앹꽦?댁빞 ??,"status":"passed","title":"寃利?寃곌낵 ?붿빟???щ컮瑜닿쾶 ?앹꽦?댁빞 ??,"duration":0.3824000000000183,"failureMessages":[],"meta":{}}],"startTime":1766643357994,"endTime":1766643358000.3823,"status":"passed","message":"","name":"C:/Users/chyon/Desktop/01.Project/00.Program/prismLM/frontend/src/lib/rag/__tests__/citationGate.test.ts"},{"assertionResults":[{"ancestorTitles":["parseJudgeResponse","?뺤긽 JSON ?뚯떛"],"fullName":"parseJudgeResponse ?뺤긽 JSON ?뚯떛 ?좏슚??JSON ?묐떟???뚯떛?댁빞 ??,"status":"passed","title":"?좏슚??JSON ?묐떟???뚯떛?댁빞 ??,"duration":3.4735999999999763,"failureMessages":[],"meta":{}},{"ancestorTitles":["parseJudgeResponse","?뺤긽 JSON ?뚯떛"],"fullName":"parseJudgeResponse ?뺤긽 JSON ?뚯떛 肄붾뱶釉붾줉?쇰줈 媛먯떬 JSON???뚯떛?댁빞 ??,"status":"passed","title":"肄붾뱶釉붾줉?쇰줈 媛먯떬 JSON???뚯떛?댁빞 ??,"duration":0.6400999999999613,"failureMessages":[],"meta":{}},{"ancestorTitles":["parseJudgeResponse","?뺤긽 JSON ?뚯떛"],"fullName":"parseJudgeResponse ?뺤긽 JSON ?뚯떛 relevance瑜??뚯닔??2?먮━濡??뺢퇋?뷀빐????,"status":"passed","title":"relevance瑜??뚯닔??2?먮━濡??뺢퇋?뷀빐????,"duration":0.32059999999995625,"failureMessages":[],"meta":{}},{"ancestorTitles":["parseJudgeResponse","?섎せ???뺤떇 泥섎━"],"fullName":"parseJudgeResponse ?섎せ???뺤떇 泥섎━ ?좏슚?섏? ?딆? JSON?????null??諛섑솚?댁빞 ??,"status":"passed","title":"?좏슚?섏? ?딆? JSON?????null??諛섑솚?댁빞 ??,"duration":1.7128000000000156,"failureMessages":[],"meta":{}},{"ancestorTitles":["parseJudgeResponse","?섎せ???뺤떇 泥섎━"],"fullName":"parseJudgeResponse ?섎せ???뺤떇 泥섎━ 鍮?臾몄옄?댁뿉 ???null??諛섑솚?댁빞 ??,"status":"passed","title":"鍮?臾몄옄?댁뿉 ???null??諛섑솚?댁빞 ??,"duration":0.5923999999999978,"failureMessages":[],"meta":{}},{"ancestorTitles":["parseJudgeResponse","?섎せ???뺤떇 泥섎━"],"fullName":"parseJudgeResponse ?섎せ???뺤떇 泥섎━ ?좏슚?섏? ?딆? verdict?????null??諛섑솚?댁빞 ??,"status":"passed","title":"?좏슚?섏? ?딆? verdict?????null??諛섑솚?댁빞 ??,"duration":1.0063000000000102,"failureMessages":[],"meta":{}},{"ancestorTitles":["parseJudgeResponse","?섎せ???뺤떇 泥섎━"],"fullName":"parseJudgeResponse ?섎せ???뺤떇 泥섎━ ?좏슚?섏? ?딆? score 踰붿쐞?????null??諛섑솚?댁빞 ??,"status":"passed","title":"?좏슚?섏? ?딆? score 踰붿쐞?????null??諛섑솚?댁빞 ??,"duration":0.595799999999997,"failureMessages":[],"meta":{}},{"ancestorTitles":["parseJudgeResponse","?꾩닔 ?꾨뱶 ?꾨씫 泥섎━"],"fullName":"parseJudgeResponse ?꾩닔 ?꾨뱶 ?꾨씫 泥섎━ ?꾩닔 ?꾨뱶媛 ?꾨씫??寃쎌슦 null??諛섑솚?댁빞 ??,"status":"passed","title":"?꾩닔 ?꾨뱶媛 ?꾨씫??寃쎌슦 null??諛섑솚?댁빞 ??,"duration":0.5523999999999774,"failureMessages":[],"meta":{}},{"ancestorTitles":["parseJudgeResponseSafe"],"fullName":"parseJudgeResponseSafe ?좏슚???묐떟??????뚯떛??寃곌낵瑜?諛섑솚?댁빞 ??,"status":"passed","title":"?좏슚???묐떟??????뚯떛??寃곌낵瑜?諛섑솚?댁빞 ??,"duration":0.5754999999999768,"failureMessages":[],"meta":{}},{"ancestorTitles":["parseJudgeResponseSafe"],"fullName":"parseJudgeResponseSafe ?뚯떛 ?ㅽ뙣 ??湲곕낯媛믪쓣 諛섑솚?댁빞 ??,"status":"passed","title":"?뚯떛 ?ㅽ뙣 ??湲곕낯媛믪쓣 諛섑솚?댁빞 ??,"duration":0.8361999999999625,"failureMessages":[],"meta":{}}],"startTime":1766643358004,"endTime":1766643358015.8362,"status":"passed","message":"","name":"C:/Users/chyon/Desktop/01.Project/00.Program/prismLM/frontend/src/lib/rag/__tests__/judgeParser.test.ts"}]}
